{"level":30,"timestamp":"2025-07-23T13:42:57.089Z","env":"production","version":"1.0.0","env":"production","nodeVersion":"v22.17.1","pid":12364,"message":"Logger initialized successfully"}
{"level":30,"timestamp":"2025-07-23T13:43:15.878Z","env":"production","version":"1.0.0","method":"GET","url":"/","statusCode":304,"responseTime":"10.00ms","userAgent":"Mozilla/5.0 (Windows NT 10.0; Win64; x64) AppleWebKit/537.36 (KHTML, like Gecko) Chrome/138.0.0.0 Safari/537.36","ip":"::1","message":"Request completed"}
{"level":30,"timestamp":"2025-07-23T13:43:16.875Z","env":"production","version":"1.0.0","method":"GET","url":"/","statusCode":304,"responseTime":"2.69ms","userAgent":"Mozilla/5.0 (Windows NT 10.0; Win64; x64) AppleWebKit/537.36 (KHTML, like Gecko) Chrome/138.0.0.0 Safari/537.36","ip":"::1","message":"Request completed"}
{"level":30,"timestamp":"2025-07-23T13:43:17.655Z","env":"production","version":"1.0.0","method":"GET","url":"/","statusCode":304,"responseTime":"2.21ms","userAgent":"Mozilla/5.0 (Windows NT 10.0; Win64; x64) AppleWebKit/537.36 (KHTML, like Gecko) Chrome/138.0.0.0 Safari/537.36","ip":"::1","message":"Request completed"}
{"level":30,"timestamp":"2025-07-23T13:43:18.388Z","env":"production","version":"1.0.0","method":"GET","url":"/","statusCode":304,"responseTime":"2.65ms","userAgent":"Mozilla/5.0 (Windows NT 10.0; Win64; x64) AppleWebKit/537.36 (KHTML, like Gecko) Chrome/138.0.0.0 Safari/537.36","ip":"::1","message":"Request completed"}
{"level":30,"timestamp":"2025-07-25T10:38:06.556Z","env":"production","version":"1.0.0","env":"production","nodeVersion":"v22.17.1","pid":4920,"message":"Logger initialized successfully"}
{"level":30,"timestamp":"2025-07-25T10:38:20.447Z","env":"production","version":"1.0.0","method":"GET","url":"/","statusCode":304,"responseTime":"3.73ms","userAgent":"Mozilla/5.0 (Windows NT 10.0; Win64; x64) AppleWebKit/537.36 (KHTML, like Gecko) Chrome/138.0.0.0 Safari/537.36","ip":"::1","message":"Request completed"}
{"level":30,"timestamp":"2025-07-25T10:38:20.663Z","env":"production","version":"1.0.0","method":"GET","url":"/swagger-ui.css","statusCode":304,"responseTime":"1.08ms","userAgent":"Mozilla/5.0 (Windows NT 10.0; Win64; x64) AppleWebKit/537.36 (KHTML, like Gecko) Chrome/138.0.0.0 Safari/537.36","ip":"::1","message":"Request completed"}
{"level":30,"timestamp":"2025-07-25T10:38:20.665Z","env":"production","version":"1.0.0","method":"GET","url":"/swagger-ui-bundle.js","statusCode":304,"responseTime":"0.81ms","userAgent":"Mozilla/5.0 (Windows NT 10.0; Win64; x64) AppleWebKit/537.36 (KHTML, like Gecko) Chrome/138.0.0.0 Safari/537.36","ip":"::1","message":"Request completed"}
{"level":30,"timestamp":"2025-07-25T10:38:20.665Z","env":"production","version":"1.0.0","method":"GET","url":"/swagger-ui-init.js","statusCode":304,"responseTime":"0.36ms","userAgent":"Mozilla/5.0 (Windows NT 10.0; Win64; x64) AppleWebKit/537.36 (KHTML, like Gecko) Chrome/138.0.0.0 Safari/537.36","ip":"::1","message":"Request completed"}
{"level":30,"timestamp":"2025-07-25T10:38:20.666Z","env":"production","version":"1.0.0","method":"GET","url":"/swagger-ui-standalone-preset.js","statusCode":304,"responseTime":"1.47ms","userAgent":"Mozilla/5.0 (Windows NT 10.0; Win64; x64) AppleWebKit/537.36 (KHTML, like Gecko) Chrome/138.0.0.0 Safari/537.36","ip":"::1","message":"Request completed"}
{"level":30,"timestamp":"2025-07-25T10:39:14.024Z","env":"production","version":"1.0.0","method":"POST","url":"/","statusCode":200,"responseTime":"116.12ms","userAgent":"node","ip":"::1","message":"Request completed"}
{"level":30,"timestamp":"2025-07-25T10:39:15.211Z","env":"production","version":"1.0.0","method":"GET","url":"/","statusCode":200,"responseTime":"4.32ms","userAgent":"node","ip":"::1","message":"Request completed"}
{"level":30,"timestamp":"2025-07-25T10:39:36.611Z","env":"production","version":"1.0.0","method":"POST","url":"/","statusCode":200,"responseTime":"51.00ms","userAgent":"node","ip":"::1","message":"Request completed"}
{"level":30,"timestamp":"2025-07-25T10:39:39.504Z","env":"production","version":"1.0.0","method":"GET","url":"/","statusCode":200,"responseTime":"17.95ms","userAgent":"node","ip":"::1","message":"Request completed"}
{"level":30,"timestamp":"2025-07-25T10:39:39.512Z","env":"production","version":"1.0.0","method":"GET","url":"/","statusCode":200,"responseTime":"1.60ms","userAgent":"node","ip":"::1","message":"Request completed"}
{"level":30,"timestamp":"2025-07-25T10:43:15.429Z","env":"production","version":"1.0.0","method":"GET","url":"/","statusCode":200,"responseTime":"2.30ms","userAgent":"node","ip":"::1","message":"Request completed"}
{"level":30,"timestamp":"2025-07-25T10:45:52.867Z","env":"production","version":"1.0.0","method":"GET","url":"/","statusCode":200,"responseTime":"6.55ms","userAgent":"node","ip":"::1","message":"Request completed"}
{"level":30,"timestamp":"2025-07-25T10:45:52.875Z","env":"production","version":"1.0.0","method":"GET","url":"/","statusCode":200,"responseTime":"2.04ms","userAgent":"node","ip":"::1","message":"Request completed"}
{"level":30,"timestamp":"2025-07-25T10:46:07.941Z","env":"production","version":"1.0.0","method":"GET","url":"/pages/1","statusCode":200,"responseTime":"17.44ms","userAgent":"node","ip":"::1","message":"Request completed"}
{"level":30,"timestamp":"2025-07-25T10:46:07.958Z","env":"production","version":"1.0.0","method":"GET","url":"/pages/1","statusCode":200,"responseTime":"3.41ms","userAgent":"node","ip":"::1","message":"Request completed"}
{"level":30,"timestamp":"2025-07-25T10:46:20.243Z","env":"production","version":"1.0.0","method":"GET","url":"/pages/1","statusCode":200,"responseTime":"3.20ms","userAgent":"node","ip":"::1","message":"Request completed"}
{"level":30,"timestamp":"2025-07-25T10:46:20.253Z","env":"production","version":"1.0.0","method":"GET","url":"/pages/1","statusCode":200,"responseTime":"2.81ms","userAgent":"node","ip":"::1","message":"Request completed"}
{"level":30,"timestamp":"2025-07-25T10:46:22.890Z","env":"production","version":"1.0.0","method":"GET","url":"/pages/2","statusCode":200,"responseTime":"3.53ms","userAgent":"node","ip":"::1","message":"Request completed"}
{"level":30,"timestamp":"2025-07-25T10:46:24.574Z","env":"production","version":"1.0.0","method":"GET","url":"/pages/3","statusCode":200,"responseTime":"3.64ms","userAgent":"node","ip":"::1","message":"Request completed"}
{"level":30,"timestamp":"2025-07-25T10:46:26.172Z","env":"production","version":"1.0.0","method":"GET","url":"/pages/2","statusCode":200,"responseTime":"3.40ms","userAgent":"node","ip":"::1","message":"Request completed"}
{"level":30,"timestamp":"2025-07-25T10:46:27.825Z","env":"production","version":"1.0.0","method":"GET","url":"/pages/1","statusCode":200,"responseTime":"3.04ms","userAgent":"node","ip":"::1","message":"Request completed"}
{"level":30,"timestamp":"2025-07-25T10:46:32.262Z","env":"production","version":"1.0.0","method":"GET","url":"/","statusCode":200,"responseTime":"1.64ms","userAgent":"node","ip":"::1","message":"Request completed"}
{"level":30,"timestamp":"2025-07-25T10:46:32.269Z","env":"production","version":"1.0.0","method":"GET","url":"/","statusCode":200,"responseTime":"1.06ms","userAgent":"node","ip":"::1","message":"Request completed"}
{"level":30,"timestamp":"2025-07-25T10:46:36.312Z","env":"production","version":"1.0.0","method":"GET","url":"/","statusCode":200,"responseTime":"1.53ms","userAgent":"node","ip":"::1","message":"Request completed"}
{"level":30,"timestamp":"2025-07-25T10:46:36.318Z","env":"production","version":"1.0.0","method":"GET","url":"/","statusCode":200,"responseTime":"1.23ms","userAgent":"node","ip":"::1","message":"Request completed"}
{"level":30,"timestamp":"2025-07-25T10:47:22.064Z","env":"production","version":"1.0.0","method":"POST","url":"/","statusCode":200,"responseTime":"50.54ms","userAgent":"node","ip":"::1","message":"Request completed"}
{"level":30,"timestamp":"2025-07-25T10:49:26.768Z","env":"production","version":"1.0.0","method":"PUT","url":"/1","statusCode":201,"responseTime":"20.93ms","userAgent":"node","ip":"::1","message":"Request completed"}
{"level":30,"timestamp":"2025-07-25T10:50:29.938Z","env":"production","version":"1.0.0","method":"GET","url":"/available","statusCode":200,"responseTime":"1.49ms","userAgent":"node","ip":"::1","message":"Request completed"}
{"level":30,"timestamp":"2025-07-25T10:50:39.194Z","env":"production","version":"1.0.0","method":"GET","url":"/","statusCode":200,"responseTime":"1.66ms","userAgent":"node","ip":"::1","message":"Request completed"}
{"level":30,"timestamp":"2025-07-25T10:50:39.202Z","env":"production","version":"1.0.0","method":"GET","url":"/","statusCode":200,"responseTime":"1.69ms","userAgent":"node","ip":"::1","message":"Request completed"}
{"level":30,"timestamp":"2025-07-25T10:50:40.089Z","env":"production","version":"1.0.0","method":"GET","url":"/","statusCode":200,"responseTime":"1.13ms","userAgent":"node","ip":"::1","message":"Request completed"}
{"level":30,"timestamp":"2025-07-25T10:50:58.076Z","env":"production","version":"1.0.0","method":"PUT","url":"/2","statusCode":200,"responseTime":"18.11ms","userAgent":"node","ip":"::1","message":"Request completed"}
{"level":30,"timestamp":"2025-07-25T10:51:07.862Z","env":"production","version":"1.0.0","method":"GET","url":"/pages/1","statusCode":200,"responseTime":"4.21ms","userAgent":"node","ip":"::1","message":"Request completed"}
{"level":30,"timestamp":"2025-07-25T10:51:07.873Z","env":"production","version":"1.0.0","method":"GET","url":"/pages/1","statusCode":200,"responseTime":"2.95ms","userAgent":"node","ip":"::1","message":"Request completed"}
{"level":30,"timestamp":"2025-07-25T10:51:08.923Z","env":"production","version":"1.0.0","method":"GET","url":"/","statusCode":200,"responseTime":"2.19ms","userAgent":"node","ip":"::1","message":"Request completed"}
{"level":30,"timestamp":"2025-07-25T10:51:11.116Z","env":"production","version":"1.0.0","method":"GET","url":"/","statusCode":200,"responseTime":"1.70ms","userAgent":"node","ip":"::1","message":"Request completed"}
{"level":30,"timestamp":"2025-07-25T10:51:11.122Z","env":"production","version":"1.0.0","method":"GET","url":"/","statusCode":200,"responseTime":"1.09ms","userAgent":"node","ip":"::1","message":"Request completed"}
{"level":30,"timestamp":"2025-07-25T11:00:00.201Z","env":"production","version":"1.0.0","method":"GET","url":"/","statusCode":200,"responseTime":"2.93ms","userAgent":"node","ip":"::1","message":"Request completed"}
{"level":30,"timestamp":"2025-07-25T11:00:00.202Z","env":"production","version":"1.0.0","method":"GET","url":"/","statusCode":200,"responseTime":"2.19ms","userAgent":"node","ip":"::1","message":"Request completed"}
{"level":30,"timestamp":"2025-07-25T11:00:50.566Z","env":"production","version":"1.0.0","method":"GET","url":"/","statusCode":200,"responseTime":"1.61ms","userAgent":"node","ip":"::1","message":"Request completed"}
{"level":30,"timestamp":"2025-07-25T11:00:50.566Z","env":"production","version":"1.0.0","method":"GET","url":"/","statusCode":200,"responseTime":"1.27ms","userAgent":"node","ip":"::1","message":"Request completed"}
{"level":30,"timestamp":"2025-07-25T11:00:55.928Z","env":"production","version":"1.0.0","method":"GET","url":"/","statusCode":200,"responseTime":"1.50ms","userAgent":"node","ip":"::1","message":"Request completed"}
{"level":30,"timestamp":"2025-07-25T11:00:55.932Z","env":"production","version":"1.0.0","method":"GET","url":"/","statusCode":200,"responseTime":"1.27ms","userAgent":"node","ip":"::1","message":"Request completed"}
{"level":30,"timestamp":"2025-07-25T11:02:37.997Z","env":"production","version":"1.0.0","method":"GET","url":"/","statusCode":200,"responseTime":"1.70ms","userAgent":"node","ip":"::1","message":"Request completed"}
{"level":30,"timestamp":"2025-07-25T11:02:37.998Z","env":"production","version":"1.0.0","method":"GET","url":"/","statusCode":200,"responseTime":"1.60ms","userAgent":"node","ip":"::1","message":"Request completed"}
{"level":30,"timestamp":"2025-07-25T11:03:45.440Z","env":"production","version":"1.0.0","method":"GET","url":"/","statusCode":200,"responseTime":"1.44ms","userAgent":"node","ip":"::1","message":"Request completed"}
{"level":30,"timestamp":"2025-07-25T11:03:45.440Z","env":"production","version":"1.0.0","method":"GET","url":"/","statusCode":200,"responseTime":"0.99ms","userAgent":"node","ip":"::1","message":"Request completed"}
{"level":30,"timestamp":"2025-07-25T11:03:51.522Z","env":"production","version":"1.0.0","method":"GET","url":"/","statusCode":200,"responseTime":"1.49ms","userAgent":"node","ip":"::1","message":"Request completed"}
{"level":30,"timestamp":"2025-07-25T11:03:51.525Z","env":"production","version":"1.0.0","method":"GET","url":"/","statusCode":200,"responseTime":"0.98ms","userAgent":"node","ip":"::1","message":"Request completed"}
{"level":30,"timestamp":"2025-07-25T11:06:52.727Z","env":"production","version":"1.0.0","method":"GET","url":"/","statusCode":200,"responseTime":"2.14ms","userAgent":"node","ip":"::1","message":"Request completed"}
{"level":30,"timestamp":"2025-07-25T11:06:52.727Z","env":"production","version":"1.0.0","method":"GET","url":"/","statusCode":200,"responseTime":"3.47ms","userAgent":"node","ip":"::1","message":"Request completed"}
{"level":50,"timestamp":"2025-07-25T11:07:08.387Z","env":"production","version":"1.0.0","method":"POST","url":"/","statusCode":400,"responseTime":"0.82ms","userAgent":"node","ip":"::1","message":"Request failed"}
{"level":30,"timestamp":"2025-07-25T11:08:57.018Z","env":"production","version":"1.0.0","method":"GET","url":"/","statusCode":200,"responseTime":"2.15ms","userAgent":"node","ip":"::1","message":"Request completed"}
{"level":30,"timestamp":"2025-07-25T11:08:57.018Z","env":"production","version":"1.0.0","method":"GET","url":"/","statusCode":200,"responseTime":"1.57ms","userAgent":"node","ip":"::1","message":"Request completed"}
{"level":30,"timestamp":"2025-07-25T11:09:32.577Z","env":"production","version":"1.0.0","method":"POST","url":"/","statusCode":201,"responseTime":"54.31ms","userAgent":"node","ip":"::1","message":"Request completed"}
{"level":30,"timestamp":"2025-07-25T11:13:15.269Z","env":"production","version":"1.0.0","method":"DELETE","url":"/4","statusCode":200,"responseTime":"3.92ms","userAgent":"node","ip":"::1","message":"Request completed"}
{"level":30,"timestamp":"2025-07-25T11:13:17.810Z","env":"production","version":"1.0.0","method":"GET","url":"/","statusCode":200,"responseTime":"2.13ms","userAgent":"node","ip":"::1","message":"Request completed"}
{"level":30,"timestamp":"2025-07-25T11:13:17.816Z","env":"production","version":"1.0.0","method":"GET","url":"/","statusCode":200,"responseTime":"1.26ms","userAgent":"node","ip":"::1","message":"Request completed"}
{"level":30,"timestamp":"2025-07-25T11:13:26.910Z","env":"production","version":"1.0.0","method":"POST","url":"/","statusCode":201,"responseTime":"51.85ms","userAgent":"node","ip":"::1","message":"Request completed"}
{"level":30,"timestamp":"2025-07-25T11:13:29.059Z","env":"production","version":"1.0.0","method":"DELETE","url":"/5","statusCode":200,"responseTime":"2.32ms","userAgent":"node","ip":"::1","message":"Request completed"}
{"level":50,"timestamp":"2025-07-25T11:13:37.964Z","env":"production","version":"1.0.0","method":"POST","url":"/","statusCode":409,"responseTime":"1.55ms","userAgent":"node","ip":"::1","message":"Request failed"}
{"level":50,"timestamp":"2025-07-25T11:13:43.041Z","env":"production","version":"1.0.0","method":"POST","url":"/","statusCode":409,"responseTime":"1.29ms","userAgent":"node","ip":"::1","message":"Request failed"}
{"level":30,"timestamp":"2025-07-25T11:14:06.049Z","env":"production","version":"1.0.0","method":"GET","url":"/pages/1","statusCode":200,"responseTime":"3.94ms","userAgent":"node","ip":"::1","message":"Request completed"}
{"level":30,"timestamp":"2025-07-25T11:14:06.059Z","env":"production","version":"1.0.0","method":"GET","url":"/pages/1","statusCode":200,"responseTime":"2.64ms","userAgent":"node","ip":"::1","message":"Request completed"}
{"level":30,"timestamp":"2025-07-25T11:14:10.826Z","env":"production","version":"1.0.0","method":"GET","url":"/","statusCode":200,"responseTime":"1.76ms","userAgent":"node","ip":"::1","message":"Request completed"}
{"level":30,"timestamp":"2025-07-25T11:14:10.832Z","env":"production","version":"1.0.0","method":"GET","url":"/","statusCode":200,"responseTime":"1.15ms","userAgent":"node","ip":"::1","message":"Request completed"}
{"level":30,"timestamp":"2025-07-25T11:14:10.838Z","env":"production","version":"1.0.0","method":"GET","url":"/","statusCode":200,"responseTime":"1.30ms","userAgent":"node","ip":"::1","message":"Request completed"}
{"level":30,"timestamp":"2025-07-25T11:14:10.840Z","env":"production","version":"1.0.0","method":"GET","url":"/","statusCode":200,"responseTime":"1.08ms","userAgent":"node","ip":"::1","message":"Request completed"}
{"level":30,"timestamp":"2025-07-25T11:33:20.451Z","env":"production","version":"1.0.0","env":"production","nodeVersion":"v22.17.1","pid":8608,"message":"Logger initialized successfully"}
{"level":30,"timestamp":"2025-07-25T11:33:43.109Z","env":"production","version":"1.0.0","method":"POST","url":"/","statusCode":200,"responseTime":"114.24ms","userAgent":"node","ip":"::1","message":"Request completed"}
{"level":30,"timestamp":"2025-07-25T11:34:35.777Z","env":"production","version":"1.0.0","method":"GET","url":"/","statusCode":200,"responseTime":"5.00ms","userAgent":"node","ip":"::1","message":"Request completed"}
{"level":30,"timestamp":"2025-07-25T11:34:35.778Z","env":"production","version":"1.0.0","method":"GET","url":"/","statusCode":200,"responseTime":"3.26ms","userAgent":"node","ip":"::1","message":"Request completed"}
{"level":30,"timestamp":"2025-07-25T11:34:35.794Z","env":"production","version":"1.0.0","method":"GET","url":"/","statusCode":200,"responseTime":"2.03ms","userAgent":"node","ip":"::1","message":"Request completed"}
{"level":30,"timestamp":"2025-07-25T11:34:35.796Z","env":"production","version":"1.0.0","method":"GET","url":"/","statusCode":200,"responseTime":"1.63ms","userAgent":"node","ip":"::1","message":"Request completed"}
{"level":30,"timestamp":"2025-07-25T11:36:00.592Z","env":"production","version":"1.0.0","method":"POST","url":"/","statusCode":201,"responseTime":"57.36ms","userAgent":"node","ip":"::1","message":"Request completed"}
{"level":30,"timestamp":"2025-07-25T11:36:07.886Z","env":"production","version":"1.0.0","method":"DELETE","url":"/6","statusCode":200,"responseTime":"18.37ms","userAgent":"node","ip":"::1","message":"Request completed"}
{"level":30,"timestamp":"2025-07-25T11:36:15.905Z","env":"production","version":"1.0.0","method":"GET","url":"/","statusCode":200,"responseTime":"2.36ms","userAgent":"node","ip":"::1","message":"Request completed"}
{"level":30,"timestamp":"2025-07-25T11:36:16.161Z","env":"production","version":"1.0.0","method":"GET","url":"/","statusCode":200,"responseTime":"2.34ms","userAgent":"node","ip":"::1","message":"Request completed"}
{"level":30,"timestamp":"2025-07-25T11:36:16.166Z","env":"production","version":"1.0.0","method":"GET","url":"/","statusCode":200,"responseTime":"1.65ms","userAgent":"node","ip":"::1","message":"Request completed"}
{"level":30,"timestamp":"2025-07-25T11:36:16.171Z","env":"production","version":"1.0.0","method":"GET","url":"/","statusCode":200,"responseTime":"1.01ms","userAgent":"node","ip":"::1","message":"Request completed"}
{"level":30,"timestamp":"2025-07-25T11:36:23.169Z","env":"production","version":"1.0.0","method":"GET","url":"/pages/1","statusCode":200,"responseTime":"9.49ms","userAgent":"node","ip":"::1","message":"Request completed"}
{"level":30,"timestamp":"2025-07-25T11:36:23.183Z","env":"production","version":"1.0.0","method":"GET","url":"/pages/1","statusCode":200,"responseTime":"3.15ms","userAgent":"node","ip":"::1","message":"Request completed"}
{"level":30,"timestamp":"2025-07-25T11:36:28.889Z","env":"production","version":"1.0.0","method":"GET","url":"/","statusCode":200,"responseTime":"1.75ms","userAgent":"node","ip":"::1","message":"Request completed"}
{"level":30,"timestamp":"2025-07-25T11:36:28.893Z","env":"production","version":"1.0.0","method":"GET","url":"/","statusCode":200,"responseTime":"1.02ms","userAgent":"node","ip":"::1","message":"Request completed"}
{"level":30,"timestamp":"2025-07-25T11:36:28.900Z","env":"production","version":"1.0.0","method":"GET","url":"/","statusCode":200,"responseTime":"1.18ms","userAgent":"node","ip":"::1","message":"Request completed"}
{"level":30,"timestamp":"2025-07-25T11:36:28.901Z","env":"production","version":"1.0.0","method":"GET","url":"/","statusCode":200,"responseTime":"1.09ms","userAgent":"node","ip":"::1","message":"Request completed"}
{"level":30,"timestamp":"2025-07-25T11:36:54.770Z","env":"production","version":"1.0.0","method":"GET","url":"/","statusCode":200,"responseTime":"1.90ms","userAgent":"node","ip":"::1","message":"Request completed"}
{"level":30,"timestamp":"2025-07-25T11:36:54.773Z","env":"production","version":"1.0.0","method":"GET","url":"/","statusCode":200,"responseTime":"1.25ms","userAgent":"node","ip":"::1","message":"Request completed"}
{"level":30,"timestamp":"2025-07-25T11:36:54.781Z","env":"production","version":"1.0.0","method":"GET","url":"/","statusCode":200,"responseTime":"1.37ms","userAgent":"node","ip":"::1","message":"Request completed"}
{"level":30,"timestamp":"2025-07-25T11:36:54.782Z","env":"production","version":"1.0.0","method":"GET","url":"/","statusCode":200,"responseTime":"0.83ms","userAgent":"node","ip":"::1","message":"Request completed"}
{"level":30,"timestamp":"2025-07-25T11:36:56.253Z","env":"production","version":"1.0.0","method":"GET","url":"/","statusCode":200,"responseTime":"1.87ms","userAgent":"node","ip":"::1","message":"Request completed"}
{"level":30,"timestamp":"2025-07-25T11:36:56.254Z","env":"production","version":"1.0.0","method":"GET","url":"/","statusCode":200,"responseTime":"1.21ms","userAgent":"node","ip":"::1","message":"Request completed"}
{"level":30,"timestamp":"2025-07-25T11:36:56.262Z","env":"production","version":"1.0.0","method":"GET","url":"/","statusCode":200,"responseTime":"1.21ms","userAgent":"node","ip":"::1","message":"Request completed"}
{"level":30,"timestamp":"2025-07-25T11:36:56.264Z","env":"production","version":"1.0.0","method":"GET","url":"/","statusCode":200,"responseTime":"1.25ms","userAgent":"node","ip":"::1","message":"Request completed"}
{"level":30,"timestamp":"2025-07-25T11:36:58.923Z","env":"production","version":"1.0.0","method":"GET","url":"/pages/1","statusCode":200,"responseTime":"3.34ms","userAgent":"node","ip":"::1","message":"Request completed"}
{"level":30,"timestamp":"2025-07-25T11:36:58.933Z","env":"production","version":"1.0.0","method":"GET","url":"/pages/1","statusCode":200,"responseTime":"2.98ms","userAgent":"node","ip":"::1","message":"Request completed"}
{"level":30,"timestamp":"2025-07-25T11:37:01.794Z","env":"production","version":"1.0.0","method":"GET","url":"/","statusCode":200,"responseTime":"1.82ms","userAgent":"node","ip":"::1","message":"Request completed"}
{"level":30,"timestamp":"2025-07-25T11:37:01.798Z","env":"production","version":"1.0.0","method":"GET","url":"/","statusCode":200,"responseTime":"1.10ms","userAgent":"node","ip":"::1","message":"Request completed"}
{"level":30,"timestamp":"2025-07-25T11:37:01.805Z","env":"production","version":"1.0.0","method":"GET","url":"/","statusCode":200,"responseTime":"1.37ms","userAgent":"node","ip":"::1","message":"Request completed"}
{"level":30,"timestamp":"2025-07-25T11:37:01.808Z","env":"production","version":"1.0.0","method":"GET","url":"/","statusCode":200,"responseTime":"0.95ms","userAgent":"node","ip":"::1","message":"Request completed"}
{"level":30,"timestamp":"2025-07-25T11:37:29.499Z","env":"production","version":"1.0.0","method":"GET","url":"/","statusCode":200,"responseTime":"1.79ms","userAgent":"node","ip":"::1","message":"Request completed"}
{"level":30,"timestamp":"2025-07-25T11:37:29.502Z","env":"production","version":"1.0.0","method":"GET","url":"/","statusCode":200,"responseTime":"1.20ms","userAgent":"node","ip":"::1","message":"Request completed"}
{"level":30,"timestamp":"2025-07-25T11:37:29.508Z","env":"production","version":"1.0.0","method":"GET","url":"/","statusCode":200,"responseTime":"1.32ms","userAgent":"node","ip":"::1","message":"Request completed"}
{"level":30,"timestamp":"2025-07-25T11:37:29.511Z","env":"production","version":"1.0.0","method":"GET","url":"/","statusCode":200,"responseTime":"0.84ms","userAgent":"node","ip":"::1","message":"Request completed"}
{"level":30,"timestamp":"2025-07-28T11:35:17.610Z","env":"production","version":"1.0.0","env":"production","nodeVersion":"v22.15.1","pid":2004,"message":"Logger initialized successfully"}
{"level":30,"timestamp":"2025-07-28T13:25:11.118Z","env":"production","version":"1.0.0","env":"production","nodeVersion":"v22.15.1","pid":23268,"message":"Logger initialized successfully"}
{"level":30,"timestamp":"2025-07-28T13:27:27.118Z","env":"production","version":"1.0.0","env":"production","nodeVersion":"v22.15.1","pid":22224,"message":"Logger initialized successfully"}
{"level":30,"timestamp":"2025-07-28T13:27:56.729Z","env":"production","version":"1.0.0","method":"GET","url":"/available","statusCode":200,"responseTime":"17.72ms","userAgent":"node","ip":"::1","message":"Request completed"}
{"level":30,"timestamp":"2025-07-28T13:27:57.560Z","env":"production","version":"1.0.0","method":"GET","url":"/available/categories/2","statusCode":200,"responseTime":"5.20ms","userAgent":"node","ip":"::1","message":"Request completed"}
{"level":30,"timestamp":"2025-07-28T13:27:58.948Z","env":"production","version":"1.0.0","method":"GET","url":"/available/categories/4","statusCode":200,"responseTime":"4.56ms","userAgent":"node","ip":"::1","message":"Request completed"}
{"level":30,"timestamp":"2025-07-28T13:28:00.279Z","env":"production","version":"1.0.0","method":"GET","url":"/available/categories/5","statusCode":200,"responseTime":"3.74ms","userAgent":"node","ip":"::1","message":"Request completed"}
{"level":30,"timestamp":"2025-07-28T13:29:07.811Z","env":"production","version":"1.0.0","method":"POST","url":"/","statusCode":200,"responseTime":"59.73ms","userAgent":"node","ip":"::1","message":"Request completed"}
{"level":30,"timestamp":"2025-07-28T13:29:11.107Z","env":"production","version":"1.0.0","method":"POST","url":"/","statusCode":200,"responseTime":"58.37ms","userAgent":"node","ip":"::1","message":"Request completed"}
{"level":30,"timestamp":"2025-07-28T13:29:11.905Z","env":"production","version":"1.0.0","method":"POST","url":"/","statusCode":200,"responseTime":"56.62ms","userAgent":"node","ip":"::1","message":"Request completed"}
{"level":30,"timestamp":"2025-07-28T13:29:12.068Z","env":"production","version":"1.0.0","method":"POST","url":"/","statusCode":200,"responseTime":"55.84ms","userAgent":"node","ip":"::1","message":"Request completed"}
{"level":30,"timestamp":"2025-07-28T13:29:12.254Z","env":"production","version":"1.0.0","method":"POST","url":"/","statusCode":200,"responseTime":"55.49ms","userAgent":"node","ip":"::1","message":"Request completed"}
{"level":30,"timestamp":"2025-07-28T13:29:12.905Z","env":"production","version":"1.0.0","method":"POST","url":"/","statusCode":200,"responseTime":"56.62ms","userAgent":"node","ip":"::1","message":"Request completed"}
{"level":30,"timestamp":"2025-07-28T13:29:14.255Z","env":"production","version":"1.0.0","method":"POST","url":"/","statusCode":200,"responseTime":"55.79ms","userAgent":"node","ip":"::1","message":"Request completed"}
{"level":30,"timestamp":"2025-07-28T13:29:14.424Z","env":"production","version":"1.0.0","method":"POST","url":"/","statusCode":200,"responseTime":"56.80ms","userAgent":"node","ip":"::1","message":"Request completed"}
{"level":30,"timestamp":"2025-07-28T13:29:35.418Z","env":"production","version":"1.0.0","method":"POST","url":"/","statusCode":200,"responseTime":"58.00ms","userAgent":"node","ip":"::1","message":"Request completed"}
{"level":30,"timestamp":"2025-07-28T13:29:35.582Z","env":"production","version":"1.0.0","method":"POST","url":"/","statusCode":200,"responseTime":"58.19ms","userAgent":"node","ip":"::1","message":"Request completed"}
{"level":30,"timestamp":"2025-07-28T13:29:37.669Z","env":"production","version":"1.0.0","method":"POST","url":"/","statusCode":200,"responseTime":"56.32ms","userAgent":"node","ip":"::1","message":"Request completed"}
{"level":30,"timestamp":"2025-07-28T13:29:37.808Z","env":"production","version":"1.0.0","method":"POST","url":"/","statusCode":200,"responseTime":"56.15ms","userAgent":"node","ip":"::1","message":"Request completed"}
{"level":30,"timestamp":"2025-07-28T13:29:37.953Z","env":"production","version":"1.0.0","method":"POST","url":"/","statusCode":200,"responseTime":"56.08ms","userAgent":"node","ip":"::1","message":"Request completed"}
{"level":30,"timestamp":"2025-07-28T13:29:46.444Z","env":"production","version":"1.0.0","method":"POST","url":"/","statusCode":200,"responseTime":"55.39ms","userAgent":"node","ip":"::1","message":"Request completed"}
{"level":30,"timestamp":"2025-07-28T13:29:47.608Z","env":"production","version":"1.0.0","method":"POST","url":"/","statusCode":200,"responseTime":"55.89ms","userAgent":"node","ip":"::1","message":"Request completed"}
{"level":30,"timestamp":"2025-07-28T13:29:47.775Z","env":"production","version":"1.0.0","method":"POST","url":"/","statusCode":200,"responseTime":"57.08ms","userAgent":"node","ip":"::1","message":"Request completed"}
{"level":30,"timestamp":"2025-07-28T13:29:47.981Z","env":"production","version":"1.0.0","method":"POST","url":"/","statusCode":200,"responseTime":"54.55ms","userAgent":"node","ip":"::1","message":"Request completed"}
{"level":30,"timestamp":"2025-07-28T13:29:48.133Z","env":"production","version":"1.0.0","method":"POST","url":"/","statusCode":200,"responseTime":"54.84ms","userAgent":"node","ip":"::1","message":"Request completed"}
{"level":30,"timestamp":"2025-07-28T13:38:59.708Z","env":"production","version":"1.0.0","env":"production","nodeVersion":"v22.15.1","pid":20324,"message":"Logger initialized successfully"}
{"level":30,"timestamp":"2025-07-28T13:39:49.734Z","env":"production","version":"1.0.0","method":"GET","url":"/","statusCode":301,"responseTime":"6.39ms","userAgent":"Mozilla/5.0 (Windows NT 10.0; Win64; x64) AppleWebKit/537.36 (KHTML, like Gecko) Chrome/138.0.0.0 Safari/537.36","ip":"::1","message":"Request completed"}
{"level":30,"timestamp":"2025-07-28T13:39:49.749Z","env":"production","version":"1.0.0","method":"GET","url":"/","statusCode":200,"responseTime":"3.83ms","userAgent":"Mozilla/5.0 (Windows NT 10.0; Win64; x64) AppleWebKit/537.36 (KHTML, like Gecko) Chrome/138.0.0.0 Safari/537.36","ip":"::1","message":"Request completed"}
{"level":30,"timestamp":"2025-07-28T13:39:49.787Z","env":"production","version":"1.0.0","method":"GET","url":"/swagger-ui-init.js","statusCode":200,"responseTime":"0.59ms","userAgent":"Mozilla/5.0 (Windows NT 10.0; Win64; x64) AppleWebKit/537.36 (KHTML, like Gecko) Chrome/138.0.0.0 Safari/537.36","ip":"::1","message":"Request completed"}
{"level":30,"timestamp":"2025-07-28T13:39:49.791Z","env":"production","version":"1.0.0","method":"GET","url":"/swagger-ui.css","statusCode":200,"responseTime":"12.58ms","userAgent":"Mozilla/5.0 (Windows NT 10.0; Win64; x64) AppleWebKit/537.36 (KHTML, like Gecko) Chrome/138.0.0.0 Safari/537.36","ip":"::1","message":"Request completed"}
{"level":30,"timestamp":"2025-07-28T13:39:49.797Z","env":"production","version":"1.0.0","method":"GET","url":"/swagger-ui-standalone-preset.js","statusCode":200,"responseTime":"11.73ms","userAgent":"Mozilla/5.0 (Windows NT 10.0; Win64; x64) AppleWebKit/537.36 (KHTML, like Gecko) Chrome/138.0.0.0 Safari/537.36","ip":"::1","message":"Request completed"}
{"level":30,"timestamp":"2025-07-28T13:39:49.803Z","env":"production","version":"1.0.0","method":"GET","url":"/swagger-ui-bundle.js","statusCode":200,"responseTime":"19.09ms","userAgent":"Mozilla/5.0 (Windows NT 10.0; Win64; x64) AppleWebKit/537.36 (KHTML, like Gecko) Chrome/138.0.0.0 Safari/537.36","ip":"::1","message":"Request completed"}
{"level":30,"timestamp":"2025-07-28T13:39:50.564Z","env":"production","version":"1.0.0","method":"GET","url":"/favicon-32x32.png","statusCode":200,"responseTime":"3.13ms","userAgent":"Mozilla/5.0 (Windows NT 10.0; Win64; x64) AppleWebKit/537.36 (KHTML, like Gecko) Chrome/138.0.0.0 Safari/537.36","ip":"::1","message":"Request completed"}
{"level":30,"timestamp":"2025-07-28T13:40:05.896Z","env":"production","version":"1.0.0","method":"POST","url":"/","statusCode":200,"responseTime":"69.84ms","userAgent":"Mozilla/5.0 (Windows NT 10.0; Win64; x64) AppleWebKit/537.36 (KHTML, like Gecko) Chrome/138.0.0.0 Safari/537.36","ip":"::1","message":"Request completed"}
{"level":30,"timestamp":"2025-07-28T13:41:03.866Z","env":"production","version":"1.0.0","method":"POST","url":"/","statusCode":201,"responseTime":"67.68ms","userAgent":"Mozilla/5.0 (Windows NT 10.0; Win64; x64) AppleWebKit/537.36 (KHTML, like Gecko) Chrome/138.0.0.0 Safari/537.36","ip":"::1","message":"Request completed"}
{"level":30,"timestamp":"2025-07-28T13:41:51.309Z","env":"production","version":"1.0.0","method":"POST","url":"/","statusCode":200,"responseTime":"57.77ms","userAgent":"node","ip":"::1","message":"Request completed"}
{"level":30,"timestamp":"2025-07-28T13:41:53.696Z","env":"production","version":"1.0.0","method":"POST","url":"/","statusCode":200,"responseTime":"56.21ms","userAgent":"node","ip":"::1","message":"Request completed"}
{"level":30,"timestamp":"2025-07-28T13:41:53.883Z","env":"production","version":"1.0.0","method":"POST","url":"/","statusCode":200,"responseTime":"56.30ms","userAgent":"node","ip":"::1","message":"Request completed"}
{"level":30,"timestamp":"2025-07-28T13:41:54.064Z","env":"production","version":"1.0.0","method":"POST","url":"/","statusCode":200,"responseTime":"59.99ms","userAgent":"node","ip":"::1","message":"Request completed"}
{"level":30,"timestamp":"2025-07-28T13:41:54.836Z","env":"production","version":"1.0.0","method":"POST","url":"/","statusCode":200,"responseTime":"58.80ms","userAgent":"node","ip":"::1","message":"Request completed"}
{"level":30,"timestamp":"2025-07-28T13:41:55.136Z","env":"production","version":"1.0.0","method":"POST","url":"/","statusCode":200,"responseTime":"57.14ms","userAgent":"node","ip":"::1","message":"Request completed"}
{"level":30,"timestamp":"2025-07-28T13:41:55.499Z","env":"production","version":"1.0.0","method":"POST","url":"/","statusCode":200,"responseTime":"56.92ms","userAgent":"node","ip":"::1","message":"Request completed"}
{"level":30,"timestamp":"2025-07-28T13:41:55.675Z","env":"production","version":"1.0.0","method":"POST","url":"/","statusCode":200,"responseTime":"56.60ms","userAgent":"node","ip":"::1","message":"Request completed"}
{"level":30,"timestamp":"2025-07-28T13:42:10.807Z","env":"production","version":"1.0.0","method":"POST","url":"/","statusCode":200,"responseTime":"61.06ms","userAgent":"node","ip":"::1","message":"Request completed"}
{"level":30,"timestamp":"2025-07-28T13:42:10.961Z","env":"production","version":"1.0.0","method":"POST","url":"/","statusCode":200,"responseTime":"59.34ms","userAgent":"node","ip":"::1","message":"Request completed"}
{"level":30,"timestamp":"2025-07-28T13:42:11.267Z","env":"production","version":"1.0.0","method":"POST","url":"/","statusCode":200,"responseTime":"59.20ms","userAgent":"node","ip":"::1","message":"Request completed"}
{"level":30,"timestamp":"2025-07-28T13:42:11.425Z","env":"production","version":"1.0.0","method":"POST","url":"/","statusCode":200,"responseTime":"56.72ms","userAgent":"node","ip":"::1","message":"Request completed"}
{"level":30,"timestamp":"2025-07-28T13:42:11.598Z","env":"production","version":"1.0.0","method":"POST","url":"/","statusCode":200,"responseTime":"55.81ms","userAgent":"node","ip":"::1","message":"Request completed"}
{"level":30,"timestamp":"2025-07-28T13:42:11.776Z","env":"production","version":"1.0.0","method":"POST","url":"/","statusCode":200,"responseTime":"57.33ms","userAgent":"node","ip":"::1","message":"Request completed"}
{"level":30,"timestamp":"2025-07-28T13:42:11.946Z","env":"production","version":"1.0.0","method":"POST","url":"/","statusCode":200,"responseTime":"55.53ms","userAgent":"node","ip":"::1","message":"Request completed"}
{"level":30,"timestamp":"2025-07-28T13:42:12.137Z","env":"production","version":"1.0.0","method":"POST","url":"/","statusCode":200,"responseTime":"55.66ms","userAgent":"node","ip":"::1","message":"Request completed"}
{"level":30,"timestamp":"2025-07-28T13:42:12.321Z","env":"production","version":"1.0.0","method":"POST","url":"/","statusCode":200,"responseTime":"59.27ms","userAgent":"node","ip":"::1","message":"Request completed"}
{"level":30,"timestamp":"2025-07-28T13:42:12.501Z","env":"production","version":"1.0.0","method":"POST","url":"/","statusCode":200,"responseTime":"59.86ms","userAgent":"node","ip":"::1","message":"Request completed"}
{"level":30,"timestamp":"2025-07-28T13:42:12.971Z","env":"production","version":"1.0.0","method":"POST","url":"/","statusCode":200,"responseTime":"59.71ms","userAgent":"node","ip":"::1","message":"Request completed"}
{"level":30,"timestamp":"2025-07-28T13:42:13.153Z","env":"production","version":"1.0.0","method":"POST","url":"/","statusCode":200,"responseTime":"56.45ms","userAgent":"node","ip":"::1","message":"Request completed"}
{"level":30,"timestamp":"2025-07-28T13:42:13.322Z","env":"production","version":"1.0.0","method":"POST","url":"/","statusCode":200,"responseTime":"54.99ms","userAgent":"node","ip":"::1","message":"Request completed"}
{"level":30,"timestamp":"2025-07-28T13:42:13.566Z","env":"production","version":"1.0.0","method":"POST","url":"/","statusCode":200,"responseTime":"56.79ms","userAgent":"node","ip":"::1","message":"Request completed"}
{"level":30,"timestamp":"2025-07-28T13:42:13.737Z","env":"production","version":"1.0.0","method":"POST","url":"/","statusCode":200,"responseTime":"56.95ms","userAgent":"node","ip":"::1","message":"Request completed"}
{"level":30,"timestamp":"2025-07-28T13:42:13.900Z","env":"production","version":"1.0.0","method":"POST","url":"/","statusCode":200,"responseTime":"55.24ms","userAgent":"node","ip":"::1","message":"Request completed"}
{"level":30,"timestamp":"2025-07-28T13:42:18.150Z","env":"production","version":"1.0.0","method":"POST","url":"/","statusCode":200,"responseTime":"56.16ms","userAgent":"node","ip":"::1","message":"Request completed"}
{"level":30,"timestamp":"2025-07-28T13:42:18.293Z","env":"production","version":"1.0.0","method":"POST","url":"/","statusCode":200,"responseTime":"55.26ms","userAgent":"node","ip":"::1","message":"Request completed"}
{"level":30,"timestamp":"2025-07-28T13:42:18.487Z","env":"production","version":"1.0.0","method":"POST","url":"/","statusCode":200,"responseTime":"56.53ms","userAgent":"node","ip":"::1","message":"Request completed"}
{"level":30,"timestamp":"2025-07-28T13:42:18.675Z","env":"production","version":"1.0.0","method":"POST","url":"/","statusCode":200,"responseTime":"60.26ms","userAgent":"node","ip":"::1","message":"Request completed"}
{"level":30,"timestamp":"2025-07-28T13:56:15.272Z","env":"production","version":"1.0.0","method":"POST","url":"/","statusCode":200,"responseTime":"57.59ms","userAgent":"node","ip":"::1","message":"Request completed"}
{"level":50,"timestamp":"2025-07-28T13:56:15.571Z","env":"production","version":"1.0.0","method":"GET","url":"/total-orders","statusCode":500,"responseTime":"16.23ms","userAgent":"node","ip":"::1","message":"Request failed"}
{"level":50,"timestamp":"2025-07-28T13:56:15.577Z","env":"production","version":"1.0.0","method":"GET","url":"/revenue","statusCode":500,"responseTime":"18.66ms","userAgent":"node","ip":"::1","message":"Request failed"}
{"level":30,"timestamp":"2025-07-28T13:56:15.580Z","env":"production","version":"1.0.0","method":"GET","url":"/foods-ordered","statusCode":200,"responseTime":"18.00ms","userAgent":"node","ip":"::1","message":"Request completed"}
{"level":30,"timestamp":"2025-07-28T13:57:01.122Z","env":"production","version":"1.0.0","method":"GET","url":"/","statusCode":200,"responseTime":"4.68ms","userAgent":"node","ip":"::1","message":"Request completed"}
{"level":30,"timestamp":"2025-07-28T13:57:01.122Z","env":"production","version":"1.0.0","method":"GET","url":"/","statusCode":200,"responseTime":"3.28ms","userAgent":"node","ip":"::1","message":"Request completed"}
{"level":30,"timestamp":"2025-07-28T13:57:03.722Z","env":"production","version":"1.0.0","method":"GET","url":"/","statusCode":200,"responseTime":"2.69ms","userAgent":"node","ip":"::1","message":"Request completed"}
{"level":30,"timestamp":"2025-07-28T13:57:05.021Z","env":"production","version":"1.0.0","method":"GET","url":"/","statusCode":200,"responseTime":"9.61ms","userAgent":"node","ip":"::1","message":"Request completed"}
{"level":50,"timestamp":"2025-07-28T13:57:07.539Z","env":"production","version":"1.0.0","method":"GET","url":"/orders/pages/1","statusCode":500,"responseTime":"4.35ms","userAgent":"node","ip":"::1","message":"Request failed"}
{"level":50,"timestamp":"2025-07-28T13:57:08.548Z","env":"production","version":"1.0.0","method":"GET","url":"/orders/day/today","statusCode":500,"responseTime":"8.85ms","userAgent":"node","ip":"::1","message":"Request failed"}
{"level":50,"timestamp":"2025-07-28T13:57:14.292Z","env":"production","version":"1.0.0","method":"POST","url":"/","statusCode":404,"responseTime":"1.53ms","userAgent":"node","ip":"::1","message":"Request failed"}
{"level":30,"timestamp":"2025-07-28T13:57:18.965Z","env":"production","version":"1.0.0","method":"POST","url":"/","statusCode":200,"responseTime":"56.98ms","userAgent":"node","ip":"::1","message":"Request completed"}
{"level":50,"timestamp":"2025-07-28T13:57:19.024Z","env":"production","version":"1.0.0","method":"GET","url":"/total-orders","statusCode":500,"responseTime":"6.00ms","userAgent":"node","ip":"::1","message":"Request failed"}
{"level":50,"timestamp":"2025-07-28T13:57:19.048Z","env":"production","version":"1.0.0","method":"GET","url":"/revenue","statusCode":500,"responseTime":"8.21ms","userAgent":"node","ip":"::1","message":"Request failed"}
{"level":30,"timestamp":"2025-07-28T13:57:19.056Z","env":"production","version":"1.0.0","method":"GET","url":"/foods-ordered","statusCode":200,"responseTime":"18.88ms","userAgent":"node","ip":"::1","message":"Request completed"}
{"level":30,"timestamp":"2025-07-28T13:57:21.114Z","env":"production","version":"1.0.0","method":"GET","url":"/","statusCode":200,"responseTime":"3.76ms","userAgent":"node","ip":"::1","message":"Request completed"}
{"level":30,"timestamp":"2025-07-28T13:57:21.116Z","env":"production","version":"1.0.0","method":"GET","url":"/","statusCode":200,"responseTime":"4.23ms","userAgent":"node","ip":"::1","message":"Request completed"}
{"level":50,"timestamp":"2025-07-28T13:57:48.879Z","env":"production","version":"1.0.0","method":"POST","url":"/","statusCode":404,"responseTime":"1.57ms","userAgent":"node","ip":"::1","message":"Request failed"}
{"level":30,"timestamp":"2025-07-28T13:57:56.896Z","env":"production","version":"1.0.0","method":"POST","url":"/","statusCode":201,"responseTime":"62.73ms","userAgent":"node","ip":"::1","message":"Request completed"}
{"level":30,"timestamp":"2025-07-28T13:58:06.011Z","env":"production","version":"1.0.0","method":"POST","url":"/","statusCode":200,"responseTime":"55.08ms","userAgent":"node","ip":"::1","message":"Request completed"}
{"level":50,"timestamp":"2025-07-28T13:58:06.078Z","env":"production","version":"1.0.0","method":"GET","url":"/total-orders","statusCode":500,"responseTime":"5.53ms","userAgent":"node","ip":"::1","message":"Request failed"}
{"level":50,"timestamp":"2025-07-28T13:58:06.094Z","env":"production","version":"1.0.0","method":"GET","url":"/revenue","statusCode":500,"responseTime":"5.78ms","userAgent":"node","ip":"::1","message":"Request failed"}
{"level":30,"timestamp":"2025-07-28T13:58:06.100Z","env":"production","version":"1.0.0","method":"GET","url":"/foods-ordered","statusCode":200,"responseTime":"9.50ms","userAgent":"node","ip":"::1","message":"Request completed"}
{"level":30,"timestamp":"2025-07-28T13:58:08.172Z","env":"production","version":"1.0.0","method":"GET","url":"/","statusCode":200,"responseTime":"2.82ms","userAgent":"node","ip":"::1","message":"Request completed"}
{"level":30,"timestamp":"2025-07-28T13:58:08.177Z","env":"production","version":"1.0.0","method":"GET","url":"/","statusCode":200,"responseTime":"2.39ms","userAgent":"node","ip":"::1","message":"Request completed"}
{"level":30,"timestamp":"2025-07-28T13:58:45.066Z","env":"production","version":"1.0.0","method":"POST","url":"/","statusCode":201,"responseTime":"64.28ms","userAgent":"node","ip":"::1","message":"Request completed"}
{"level":50,"timestamp":"2025-07-28T13:59:12.999Z","env":"production","version":"1.0.0","method":"GET","url":"/orders/pages/1","statusCode":500,"responseTime":"3.15ms","userAgent":"node","ip":"::1","message":"Request failed"}
{"level":50,"timestamp":"2025-07-28T13:59:13.618Z","env":"production","version":"1.0.0","method":"GET","url":"/orders/day/today","statusCode":500,"responseTime":"3.22ms","userAgent":"node","ip":"::1","message":"Request failed"}
{"level":30,"timestamp":"2025-07-28T13:59:14.135Z","env":"production","version":"1.0.0","method":"POST","url":"/","statusCode":200,"responseTime":"55.79ms","userAgent":"node","ip":"::1","message":"Request completed"}
{"level":50,"timestamp":"2025-07-28T13:59:14.594Z","env":"production","version":"1.0.0","method":"GET","url":"/orders/pages/1","statusCode":500,"responseTime":"3.59ms","userAgent":"node","ip":"::1","message":"Request failed"}
{"level":50,"timestamp":"2025-07-28T13:59:14.812Z","env":"production","version":"1.0.0","method":"GET","url":"/total-orders","statusCode":500,"responseTime":"3.88ms","userAgent":"node","ip":"::1","message":"Request failed"}
{"level":50,"timestamp":"2025-07-28T13:59:14.832Z","env":"production","version":"1.0.0","method":"GET","url":"/revenue","statusCode":500,"responseTime":"6.70ms","userAgent":"node","ip":"::1","message":"Request failed"}
{"level":30,"timestamp":"2025-07-28T13:59:14.833Z","env":"production","version":"1.0.0","method":"GET","url":"/foods-ordered","statusCode":200,"responseTime":"10.79ms","userAgent":"node","ip":"::1","message":"Request completed"}
{"level":30,"timestamp":"2025-07-28T13:59:17.693Z","env":"production","version":"1.0.0","method":"GET","url":"/","statusCode":200,"responseTime":"2.29ms","userAgent":"node","ip":"::1","message":"Request completed"}
{"level":30,"timestamp":"2025-07-28T13:59:17.696Z","env":"production","version":"1.0.0","method":"GET","url":"/","statusCode":200,"responseTime":"1.90ms","userAgent":"node","ip":"::1","message":"Request completed"}
{"level":50,"timestamp":"2025-07-28T13:59:18.252Z","env":"production","version":"1.0.0","method":"GET","url":"/total-orders","statusCode":500,"responseTime":"5.20ms","userAgent":"node","ip":"::1","message":"Request failed"}
{"level":50,"timestamp":"2025-07-28T13:59:18.256Z","env":"production","version":"1.0.0","method":"GET","url":"/revenue","statusCode":500,"responseTime":"4.07ms","userAgent":"node","ip":"::1","message":"Request failed"}
{"level":50,"timestamp":"2025-07-28T13:59:19.672Z","env":"production","version":"1.0.0","method":"GET","url":"/total-orders","statusCode":500,"responseTime":"3.36ms","userAgent":"node","ip":"::1","message":"Request failed"}
{"level":50,"timestamp":"2025-07-28T13:59:19.677Z","env":"production","version":"1.0.0","method":"GET","url":"/revenue","statusCode":500,"responseTime":"4.26ms","userAgent":"node","ip":"::1","message":"Request failed"}
{"level":30,"timestamp":"2025-07-28T13:59:20.874Z","env":"production","version":"1.0.0","method":"GET","url":"/","statusCode":200,"responseTime":"3.73ms","userAgent":"node","ip":"::1","message":"Request completed"}
{"level":50,"timestamp":"2025-07-28T13:59:22.732Z","env":"production","version":"1.0.0","method":"GET","url":"/revenue","statusCode":500,"responseTime":"3.07ms","userAgent":"node","ip":"::1","message":"Request failed"}
{"level":50,"timestamp":"2025-07-28T13:59:22.738Z","env":"production","version":"1.0.0","method":"GET","url":"/total-orders","statusCode":500,"responseTime":"3.94ms","userAgent":"node","ip":"::1","message":"Request failed"}
{"level":50,"timestamp":"2025-07-28T13:59:23.005Z","env":"production","version":"1.0.0","method":"GET","url":"/total-orders","statusCode":500,"responseTime":"5.84ms","userAgent":"node","ip":"::1","message":"Request failed"}
{"level":50,"timestamp":"2025-07-28T13:59:23.008Z","env":"production","version":"1.0.0","method":"GET","url":"/revenue","statusCode":500,"responseTime":"6.74ms","userAgent":"node","ip":"::1","message":"Request failed"}
{"level":50,"timestamp":"2025-07-28T13:59:26.355Z","env":"production","version":"1.0.0","method":"GET","url":"/orders/pages/1","statusCode":500,"responseTime":"2.96ms","userAgent":"node","ip":"::1","message":"Request failed"}
{"level":30,"timestamp":"2025-07-28T13:59:26.441Z","env":"production","version":"1.0.0","method":"GET","url":"/","statusCode":200,"responseTime":"3.10ms","userAgent":"node","ip":"::1","message":"Request completed"}
{"level":30,"timestamp":"2025-07-28T13:59:26.442Z","env":"production","version":"1.0.0","method":"GET","url":"/","statusCode":200,"responseTime":"2.10ms","userAgent":"node","ip":"::1","message":"Request completed"}
{"level":50,"timestamp":"2025-07-28T13:59:31.767Z","env":"production","version":"1.0.0","method":"GET","url":"/orders/pages/1","statusCode":500,"responseTime":"2.17ms","userAgent":"node","ip":"::1","message":"Request failed"}
{"level":30,"timestamp":"2025-07-28T14:00:01.065Z","env":"production","version":"1.0.0","method":"GET","url":"/pages/1","statusCode":200,"responseTime":"16.11ms","userAgent":"node","ip":"::1","message":"Request completed"}
{"level":30,"timestamp":"2025-07-28T14:00:06.285Z","env":"production","version":"1.0.0","method":"GET","url":"/pages/1","statusCode":200,"responseTime":"9.71ms","userAgent":"node","ip":"::1","message":"Request completed"}
{"level":30,"timestamp":"2025-07-28T14:00:14.491Z","env":"production","version":"1.0.0","method":"GET","url":"/","statusCode":200,"responseTime":"1.71ms","userAgent":"node","ip":"::1","message":"Request completed"}
{"level":30,"timestamp":"2025-07-28T14:00:15.434Z","env":"production","version":"1.0.0","method":"GET","url":"/revenue","statusCode":200,"responseTime":"6.76ms","userAgent":"node","ip":"::1","message":"Request completed"}
{"level":30,"timestamp":"2025-07-28T14:00:15.436Z","env":"production","version":"1.0.0","method":"GET","url":"/total-orders","statusCode":200,"responseTime":"3.32ms","userAgent":"node","ip":"::1","message":"Request completed"}
{"level":30,"timestamp":"2025-07-28T14:00:23.806Z","env":"production","version":"1.0.0","method":"GET","url":"/pages/2","statusCode":200,"responseTime":"11.09ms","userAgent":"node","ip":"::1","message":"Request completed"}
{"level":30,"timestamp":"2025-07-28T14:00:25.234Z","env":"production","version":"1.0.0","method":"GET","url":"/pages/3","statusCode":200,"responseTime":"9.35ms","userAgent":"node","ip":"::1","message":"Request completed"}
{"level":30,"timestamp":"2025-07-28T14:00:26.459Z","env":"production","version":"1.0.0","method":"GET","url":"/pages/2","statusCode":200,"responseTime":"9.95ms","userAgent":"node","ip":"::1","message":"Request completed"}
{"level":30,"timestamp":"2025-07-28T14:00:27.826Z","env":"production","version":"1.0.0","method":"GET","url":"/pages/1","statusCode":200,"responseTime":"11.64ms","userAgent":"node","ip":"::1","message":"Request completed"}
{"level":50,"timestamp":"2025-07-28T14:00:30.969Z","env":"production","version":"1.0.0","method":"GET","url":"/day/today","statusCode":404,"responseTime":"4.75ms","userAgent":"node","ip":"::1","message":"Request failed"}
{"level":50,"timestamp":"2025-07-28T14:00:32.173Z","env":"production","version":"1.0.0","method":"GET","url":"/day/today","statusCode":404,"responseTime":"3.06ms","userAgent":"node","ip":"::1","message":"Request failed"}
{"level":30,"timestamp":"2025-07-28T14:00:37.415Z","env":"production","version":"1.0.0","method":"POST","url":"/","statusCode":200,"responseTime":"54.78ms","userAgent":"node","ip":"::1","message":"Request completed"}
{"level":30,"timestamp":"2025-07-28T14:00:37.553Z","env":"production","version":"1.0.0","method":"GET","url":"/total-orders","statusCode":200,"responseTime":"3.93ms","userAgent":"node","ip":"::1","message":"Request completed"}
{"level":30,"timestamp":"2025-07-28T14:00:37.571Z","env":"production","version":"1.0.0","method":"GET","url":"/foods-ordered","statusCode":200,"responseTime":"10.29ms","userAgent":"node","ip":"::1","message":"Request completed"}
{"level":30,"timestamp":"2025-07-28T14:00:37.571Z","env":"production","version":"1.0.0","method":"GET","url":"/revenue","statusCode":200,"responseTime":"8.68ms","userAgent":"node","ip":"::1","message":"Request completed"}
{"level":30,"timestamp":"2025-07-28T14:01:12.681Z","env":"production","version":"1.0.0","method":"GET","url":"/pages/1","statusCode":200,"responseTime":"8.87ms","userAgent":"node","ip":"::1","message":"Request completed"}
{"level":30,"timestamp":"2025-07-28T14:01:15.841Z","env":"production","version":"1.0.0","method":"GET","url":"/search/redondi","statusCode":200,"responseTime":"7.29ms","userAgent":"node","ip":"::1","message":"Request completed"}
{"level":30,"timestamp":"2025-07-28T14:01:31.050Z","env":"production","version":"1.0.0","method":"GET","url":"/pages/1","statusCode":200,"responseTime":"11.85ms","userAgent":"node","ip":"::1","message":"Request completed"}
{"level":30,"timestamp":"2025-07-28T14:01:41.464Z","env":"production","version":"1.0.0","method":"GET","url":"/search/redondi","statusCode":200,"responseTime":"4.80ms","userAgent":"node","ip":"::1","message":"Request completed"}
{"level":30,"timestamp":"2025-07-28T14:02:01.418Z","env":"production","version":"1.0.0","method":"DELETE","url":"/J8H","statusCode":200,"responseTime":"12.02ms","userAgent":"node","ip":"::1","message":"Request completed"}
{"level":30,"timestamp":"2025-07-28T14:02:37.144Z","env":"production","version":"1.0.0","method":"DELETE","url":"/FRI","statusCode":200,"responseTime":"5.04ms","userAgent":"node","ip":"::1","message":"Request completed"}
{"level":30,"timestamp":"2025-07-28T14:02:37.592Z","env":"production","version":"1.0.0","method":"DELETE","url":"/VT3","statusCode":200,"responseTime":"4.57ms","userAgent":"node","ip":"::1","message":"Request completed"}
{"level":30,"timestamp":"2025-07-28T14:02:48.084Z","env":"production","version":"1.0.0","method":"GET","url":"/total-orders","statusCode":200,"responseTime":"3.41ms","userAgent":"node","ip":"::1","message":"Request completed"}
{"level":30,"timestamp":"2025-07-28T14:02:48.094Z","env":"production","version":"1.0.0","method":"GET","url":"/foods-ordered","statusCode":200,"responseTime":"5.82ms","userAgent":"node","ip":"::1","message":"Request completed"}
{"level":30,"timestamp":"2025-07-28T14:02:48.106Z","env":"production","version":"1.0.0","method":"GET","url":"/revenue","statusCode":200,"responseTime":"6.10ms","userAgent":"node","ip":"::1","message":"Request completed"}
{"level":30,"timestamp":"2025-07-28T14:02:50.046Z","env":"production","version":"1.0.0","method":"GET","url":"/pages/1","statusCode":200,"responseTime":"11.78ms","userAgent":"node","ip":"::1","message":"Request completed"}
{"level":50,"timestamp":"2025-07-28T14:02:57.096Z","env":"production","version":"1.0.0","method":"GET","url":"/search/VT3","statusCode":404,"responseTime":"2.67ms","userAgent":"node","ip":"::1","message":"Request failed"}
{"level":30,"timestamp":"2025-07-28T14:04:04.307Z","env":"production","version":"1.0.0","method":"GET","url":"/revenue","statusCode":200,"responseTime":"7.37ms","userAgent":"node","ip":"::1","message":"Request completed"}
{"level":30,"timestamp":"2025-07-28T14:04:04.307Z","env":"production","version":"1.0.0","method":"GET","url":"/total-orders","statusCode":200,"responseTime":"5.83ms","userAgent":"node","ip":"::1","message":"Request completed"}
{"level":30,"timestamp":"2025-07-28T14:04:04.310Z","env":"production","version":"1.0.0","method":"GET","url":"/foods-ordered","statusCode":200,"responseTime":"7.42ms","userAgent":"node","ip":"::1","message":"Request completed"}
{"level":30,"timestamp":"2025-07-28T14:04:08.584Z","env":"production","version":"1.0.0","method":"GET","url":"/","statusCode":200,"responseTime":"3.58ms","userAgent":"node","ip":"::1","message":"Request completed"}
{"level":30,"timestamp":"2025-07-28T14:04:08.584Z","env":"production","version":"1.0.0","method":"GET","url":"/","statusCode":200,"responseTime":"2.61ms","userAgent":"node","ip":"::1","message":"Request completed"}
{"level":30,"timestamp":"2025-07-28T14:04:19.716Z","env":"production","version":"1.0.0","method":"GET","url":"/pages/1","statusCode":200,"responseTime":"8.89ms","userAgent":"node","ip":"::1","message":"Request completed"}
{"level":30,"timestamp":"2025-07-28T14:14:18.743Z","env":"production","version":"1.0.0","method":"POST","url":"/","statusCode":200,"responseTime":"60.01ms","userAgent":"node","ip":"::1","message":"Request completed"}
{"level":30,"timestamp":"2025-07-28T14:14:19.264Z","env":"production","version":"1.0.0","method":"GET","url":"/foods-ordered","statusCode":200,"responseTime":"11.15ms","userAgent":"node","ip":"::1","message":"Request completed"}
{"level":30,"timestamp":"2025-07-28T14:14:19.266Z","env":"production","version":"1.0.0","method":"GET","url":"/total-orders","statusCode":200,"responseTime":"8.64ms","userAgent":"node","ip":"::1","message":"Request completed"}
{"level":30,"timestamp":"2025-07-28T14:14:19.269Z","env":"production","version":"1.0.0","method":"GET","url":"/revenue","statusCode":200,"responseTime":"7.99ms","userAgent":"node","ip":"::1","message":"Request completed"}
{"level":30,"timestamp":"2025-07-28T14:14:35.742Z","env":"production","version":"1.0.0","method":"GET","url":"/","statusCode":200,"responseTime":"2.26ms","userAgent":"node","ip":"::1","message":"Request completed"}
{"level":30,"timestamp":"2025-07-28T14:14:35.750Z","env":"production","version":"1.0.0","method":"GET","url":"/","statusCode":200,"responseTime":"1.82ms","userAgent":"node","ip":"::1","message":"Request completed"}
{"level":30,"timestamp":"2025-07-28T14:15:34.681Z","env":"production","version":"1.0.0","method":"GET","url":"/","statusCode":200,"responseTime":"1.64ms","userAgent":"node","ip":"::1","message":"Request completed"}
{"level":30,"timestamp":"2025-07-28T14:15:37.893Z","env":"production","version":"1.0.0","method":"GET","url":"/pages/1","statusCode":200,"responseTime":"6.44ms","userAgent":"node","ip":"::1","message":"Request completed"}
{"level":50,"timestamp":"2025-07-28T14:16:02.729Z","env":"production","version":"1.0.0","method":"GET","url":"/day/today","statusCode":404,"responseTime":"2.39ms","userAgent":"node","ip":"::1","message":"Request failed"}
{"level":50,"timestamp":"2025-07-28T14:16:08.999Z","env":"production","version":"1.0.0","method":"GET","url":"/day/today","statusCode":404,"responseTime":"2.10ms","userAgent":"node","ip":"::1","message":"Request failed"}
{"level":50,"timestamp":"2025-07-28T14:16:14.913Z","env":"production","version":"1.0.0","method":"GET","url":"/day/today","statusCode":404,"responseTime":"1.79ms","userAgent":"node","ip":"::1","message":"Request failed"}
{"level":30,"timestamp":"2025-07-28T14:18:36.444Z","env":"production","version":"1.0.0","method":"GET","url":"/","statusCode":200,"responseTime":"2.13ms","userAgent":"node","ip":"::1","message":"Request completed"}
{"level":30,"timestamp":"2025-07-28T14:18:36.451Z","env":"production","version":"1.0.0","method":"GET","url":"/","statusCode":200,"responseTime":"2.19ms","userAgent":"node","ip":"::1","message":"Request completed"}
{"level":30,"timestamp":"2025-07-28T14:18:55.931Z","env":"production","version":"1.0.0","method":"GET","url":"/pages/1","statusCode":200,"responseTime":"6.46ms","userAgent":"node","ip":"::1","message":"Request completed"}
{"level":30,"timestamp":"2025-07-28T14:19:00.249Z","env":"production","version":"1.0.0","method":"GET","url":"/pages/2","statusCode":200,"responseTime":"6.29ms","userAgent":"node","ip":"::1","message":"Request completed"}
{"level":30,"timestamp":"2025-07-28T14:19:03.604Z","env":"production","version":"1.0.0","method":"GET","url":"/pages/3","statusCode":200,"responseTime":"6.49ms","userAgent":"node","ip":"::1","message":"Request completed"}
{"level":30,"timestamp":"2025-07-28T14:19:07.176Z","env":"production","version":"1.0.0","method":"GET","url":"/pages/4","statusCode":200,"responseTime":"6.12ms","userAgent":"node","ip":"::1","message":"Request completed"}
{"level":30,"timestamp":"2025-07-28T14:19:10.960Z","env":"production","version":"1.0.0","method":"GET","url":"/pages/5","statusCode":200,"responseTime":"6.90ms","userAgent":"node","ip":"::1","message":"Request completed"}
{"level":30,"timestamp":"2025-07-28T14:19:14.623Z","env":"production","version":"1.0.0","method":"GET","url":"/pages/6","statusCode":200,"responseTime":"7.42ms","userAgent":"node","ip":"::1","message":"Request completed"}
{"level":30,"timestamp":"2025-07-28T14:19:17.605Z","env":"production","version":"1.0.0","method":"GET","url":"/pages/7","statusCode":200,"responseTime":"6.92ms","userAgent":"node","ip":"::1","message":"Request completed"}
{"level":30,"timestamp":"2025-07-28T14:19:20.727Z","env":"production","version":"1.0.0","method":"GET","url":"/pages/8","statusCode":200,"responseTime":"7.50ms","userAgent":"node","ip":"::1","message":"Request completed"}
{"level":30,"timestamp":"2025-07-28T14:20:09.568Z","env":"production","version":"1.0.0","method":"POST","url":"/","statusCode":200,"responseTime":"52.46ms","userAgent":"node","ip":"::1","message":"Request completed"}
{"level":30,"timestamp":"2025-07-28T14:20:09.972Z","env":"production","version":"1.0.0","method":"GET","url":"/foods-ordered","statusCode":200,"responseTime":"27.49ms","userAgent":"node","ip":"::1","message":"Request completed"}
{"level":30,"timestamp":"2025-07-28T14:20:09.975Z","env":"production","version":"1.0.0","method":"GET","url":"/revenue","statusCode":200,"responseTime":"28.11ms","userAgent":"node","ip":"::1","message":"Request completed"}
{"level":30,"timestamp":"2025-07-28T14:20:09.980Z","env":"production","version":"1.0.0","method":"GET","url":"/total-orders","statusCode":200,"responseTime":"2.80ms","userAgent":"node","ip":"::1","message":"Request completed"}
{"level":50,"timestamp":"2025-07-28T14:21:10.178Z","env":"production","version":"1.0.0","method":"GET","url":"/day/today","statusCode":404,"responseTime":"2.39ms","userAgent":"node","ip":"::1","message":"Request failed"}
{"level":30,"timestamp":"2025-07-28T14:21:16.327Z","env":"production","version":"1.0.0","method":"GET","url":"/pages/1","statusCode":200,"responseTime":"6.50ms","userAgent":"node","ip":"::1","message":"Request completed"}
